<?xml version="1.0" encoding="UTF-8"?>
<!-- Generated by org.testng.reporters.JUnitXMLReporter -->
<testsuite hostname="MUNTASIR-PC" ignored="0" name="Command line test" tests="2" failures="0" timestamp="2022-02-14T19:22:36 BDT" time="8.491" errors="0">
  <testcase name="@BeforeClass browserConfig" time="-1.644844948217E9" classname="TestNG.CrossBrowserTest">
    <failure type="org.testng.TestNGException" message="
Parameter &amp;apos;BrowserName&amp;apos; is required by BeforeClass on method browserConfig but has not been marked @Optional or defined
">
      <![CDATA[org.testng.TestNGException: 
Parameter 'BrowserName' is required by BeforeClass on method browserConfig but has not been marked @Optional or defined

at java.util.ArrayList.forEach(ArrayList.java:1259)
... Removed 32 stack frames]]>
    </failure>
  </testcase> <!-- @BeforeClass browserConfig -->
  <testcase name="@AfterClass close_Browser" time="0.0" classname="TestNG.CrossBrowserTest">
    <skipped/>
  </testcase> <!-- @AfterClass close_Browser -->
  <testcase name="TC_001" time="0.0" classname="TestNG.CrossBrowserTest">
    <skipped/>
  </testcase> <!-- TC_001 -->
  <testcase name="TC_001" time="2.976" classname="TestNG.LoginTest"/>
</testsuite> <!-- Command line test -->
