<!DOCTYPE html PUBLIC "-//W3C//DTD XHTML 1.1//EN" "https://www.w3.org/TR/xhtml11/DTD/xhtml11.dtd">
<html xmlns="https://www.w3.org/1999/xhtml">
<head>
<meta charset='utf-8'>
<title>TestNG Report</title>
<style type="text/css">
table {margin-bottom:10px;border-collapse:collapse;empty-cells:show}
td,th {border:1px solid #009;padding:.25em .5em}
.result th {vertical-align:bottom}
.param th {padding-left:1em;padding-right:1em}
.param td {padding-left:.5em;padding-right:2em}
.stripe td,.stripe th {background-color: #E6EBF9}
.numi,.numi_attn {text-align:right}
.total td {font-weight:bold}
.passedodd td {background-color: #0A0}
.passedeven td {background-color: #3F3}
.skippedodd td {background-color: #CCC}
.skippedodd td {background-color: #DDD}
.failedodd td,.numi_attn {background-color: #F33}
.failedeven td,.stripe .numi_attn {background-color: #D00}
.stacktrace {white-space:pre;font-family:monospace}
.totop {font-size:85%;text-align:center;border-bottom:2px solid #000}
</style>
</head>
<body>
<table cellspacing="0" cellpadding="0" class="testOverview">
<tr><th>Test</th><th>Methods<br/>Passed</th><th>Scenarios<br/>Passed</th><th># skipped</th><th># failed</th><th>Total<br/>Time</th><th>Included<br/>Groups</th><th>Excluded<br/>Groups</th></tr>
<tr><td style="text-align:left;padding-right:2em"><a href="#t1">Login Test</a></td><td class="numi">1</td><td class="numi">1</td><td class="numi_attn">1</td><td class="numi">0</td><td class="numi">9.9 seconds</td><td class="numi"></td><td class="numi"></td></tr>
</table>
<table cellspacing="0" cellpadding="0" class="methodOverview" id="summary">
<tr><th>Class</th><th>Method</th><th># of<br/>Scenarios</th><th>Start</th><th>Time<br/>(ms)</th></tr>
<tr id="t1"><th colspan="5">Login Test &#8212; failed (configuration methods)</th></tr>
<tr class="failedodd"><td rowspan="2">TestNG.LoginTest</td><td><a href="#m1"><b>openWebsite</b>  </a></td><td class="numi">1</td><td>1644414944068</td><td class="numi">53</td></tr><tr class="failedodd"><td><a href="#m2"><b>openWebsite</b>  </a></td><td class="numi">1</td><td>1644414944068</td><td class="numi">53</td></tr>
<tr><th colspan="5">Login Test &#8212; skipped (configuration methods)</th></tr>
<tr class="skippedodd"><td rowspan="3">TestNG.LoginTest</td><td><a href="#m3"><b>screenshot</b>  </a></td><td class="numi">1</td><td>1644414944135</td><td class="numi">0</td></tr><tr class="skippedodd"><td><a href="#m4"><b>tear_down</b>  </a></td><td class="numi">1</td><td>1644414944136</td><td class="numi">0</td></tr><tr class="skippedodd"><td><a href="#m5"><b>screenshot</b>  </a></td><td class="numi">1</td><td>1644414944135</td><td class="numi">0</td></tr>
<tr><th colspan="5">Login Test &#8212; skipped</th></tr>
<tr class="skippedodd"><td>TestNG.LoginTest</td><td><a href="#m6"><b>TC_002</b>  ("Login test with InValid data")</a></td><td class="numi">1</td><td>1644414944134</td><td class="numi">0</td></tr>
<tr><th colspan="5">Login Test &#8212; passed</th></tr>
<tr class="passedodd"><td>TestNG.LoginTest</td><td><a href="#m7"><b>TC_001</b>  ("Login test with Valid data")</a></td><td class="numi">1</td><td>1644414940784</td><td class="numi">2976</td></tr>
</table>
<h1>Login Test</h1>
<h2 id="m1">TestNG.LoginTest:openWebsite</h2>
<div>
<div class="stacktrace">org.openqa.selenium.NoSuchSessionException: invalid session id
Build info: version: &apos;4.1.1&apos;, revision: &apos;e8fcc2cecf&apos;
System info: host: &apos;MUNTASIR-PC&apos;, ip: &apos;192.168.173.2&apos;, os.name: &apos;Windows 10&apos;, os.arch: &apos;amd64&apos;, os.version: &apos;10.0&apos;, java.version: &apos;1.8.0_281&apos;
Driver info: org.openqa.selenium.chrome.ChromeDriver
Command: [eca27d8edcf60e0cef7ae270e892fd2b, get {url=https://demo.opencart.com/index.php?route=account/login}]
Capabilities {acceptInsecureCerts: false, browserName: chrome, browserVersion: 97.0.4692.99, chrome: {chromedriverVersion: 97.0.4692.71 (adefa7837d02a..., userDataDir: C:\Users\UseR\AppData\Local...}, goog:chromeOptions: {debuggerAddress: localhost:54054}, javascriptEnabled: true, networkConnectionEnabled: false, pageLoadStrategy: normal, platform: WINDOWS, platformName: WINDOWS, proxy: Proxy(), se:cdp: ws://localhost:54054/devtoo..., se:cdpVersion: 97.0.4692.99, setWindowRect: true, strictFileInteractability: false, timeouts: {implicit: 0, pageLoad: 300000, script: 30000}, unhandledPromptBehavior: dismiss and notify, webauthn:extension:credBlob: true, webauthn:extension:largeBlob: true, webauthn:virtualAuthenticators: true}
Session ID: eca27d8edcf60e0cef7ae270e892fd2b
	at org.openqa.selenium.remote.codec.w3c.W3CHttpResponseCodec.createException(W3CHttpResponseCodec.java:200)
	at org.openqa.selenium.remote.codec.w3c.W3CHttpResponseCodec.decode(W3CHttpResponseCodec.java:133)
	at org.openqa.selenium.remote.codec.w3c.W3CHttpResponseCodec.decode(W3CHttpResponseCodec.java:53)
	at org.openqa.selenium.remote.HttpCommandExecutor.execute(HttpCommandExecutor.java:184)
	at org.openqa.selenium.remote.service.DriverCommandExecutor.invokeExecute(DriverCommandExecutor.java:167)
	at org.openqa.selenium.remote.service.DriverCommandExecutor.execute(DriverCommandExecutor.java:142)
	at org.openqa.selenium.remote.RemoteWebDriver.execute(RemoteWebDriver.java:543)
	at org.openqa.selenium.remote.RemoteWebDriver.get(RemoteWebDriver.java:312)
	at TestNG.LoginTest.openWebsite(LoginTest.java:22)
	at java.util.ArrayList.forEach(ArrayList.java:1259)
	at com.intellij.rt.testng.IDEARemoteTestNG.run(IDEARemoteTestNG.java:66)
	at com.intellij.rt.testng.RemoteTestNGStarter.main(RemoteTestNGStarter.java:109)
... Removed 32 stack frames</div>
</div>
<p class="totop"><a href="#summary">back to summary</a></p>
<h2 id="m2">TestNG.LoginTest:tear_down</h2>
<p class="totop"><a href="#summary">back to summary</a></p>
<h2 id="m3">TestNG.LoginTest:screenshot</h2>
<p class="totop"><a href="#summary">back to summary</a></p>
<h2 id="m4">TestNG.LoginTest:TC_002</h2>
<div>
<div class="stacktrace">org.openqa.selenium.NoSuchSessionException: invalid session id
Build info: version: &apos;4.1.1&apos;, revision: &apos;e8fcc2cecf&apos;
System info: host: &apos;MUNTASIR-PC&apos;, ip: &apos;192.168.173.2&apos;, os.name: &apos;Windows 10&apos;, os.arch: &apos;amd64&apos;, os.version: &apos;10.0&apos;, java.version: &apos;1.8.0_281&apos;
Driver info: org.openqa.selenium.chrome.ChromeDriver
Command: [eca27d8edcf60e0cef7ae270e892fd2b, get {url=https://demo.opencart.com/index.php?route=account/login}]
Capabilities {acceptInsecureCerts: false, browserName: chrome, browserVersion: 97.0.4692.99, chrome: {chromedriverVersion: 97.0.4692.71 (adefa7837d02a..., userDataDir: C:\Users\UseR\AppData\Local...}, goog:chromeOptions: {debuggerAddress: localhost:54054}, javascriptEnabled: true, networkConnectionEnabled: false, pageLoadStrategy: normal, platform: WINDOWS, platformName: WINDOWS, proxy: Proxy(), se:cdp: ws://localhost:54054/devtoo..., se:cdpVersion: 97.0.4692.99, setWindowRect: true, strictFileInteractability: false, timeouts: {implicit: 0, pageLoad: 300000, script: 30000}, unhandledPromptBehavior: dismiss and notify, webauthn:extension:credBlob: true, webauthn:extension:largeBlob: true, webauthn:virtualAuthenticators: true}
Session ID: eca27d8edcf60e0cef7ae270e892fd2b
	at org.openqa.selenium.remote.codec.w3c.W3CHttpResponseCodec.createException(W3CHttpResponseCodec.java:200)
	at org.openqa.selenium.remote.codec.w3c.W3CHttpResponseCodec.decode(W3CHttpResponseCodec.java:133)
	at org.openqa.selenium.remote.codec.w3c.W3CHttpResponseCodec.decode(W3CHttpResponseCodec.java:53)
	at org.openqa.selenium.remote.HttpCommandExecutor.execute(HttpCommandExecutor.java:184)
	at org.openqa.selenium.remote.service.DriverCommandExecutor.invokeExecute(DriverCommandExecutor.java:167)
	at org.openqa.selenium.remote.service.DriverCommandExecutor.execute(DriverCommandExecutor.java:142)
	at org.openqa.selenium.remote.RemoteWebDriver.execute(RemoteWebDriver.java:543)
	at org.openqa.selenium.remote.RemoteWebDriver.get(RemoteWebDriver.java:312)
	at TestNG.LoginTest.openWebsite(LoginTest.java:22)
	at java.util.ArrayList.forEach(ArrayList.java:1259)
	at com.intellij.rt.testng.IDEARemoteTestNG.run(IDEARemoteTestNG.java:66)
	at com.intellij.rt.testng.RemoteTestNGStarter.main(RemoteTestNGStarter.java:109)
... Removed 32 stack frames</div>
</div>
<p class="totop"><a href="#summary">back to summary</a></p>
<h2 id="m5">TestNG.LoginTest:TC_001</h2>
<p class="totop"><a href="#summary">back to summary</a></p>
</body></html>
